<?xml version="1.0" encoding="UTF-8"?>
<testng-results ignored="0" total="1" passed="1" failed="0" skipped="0">
  <reporter-output>
  </reporter-output>
  <suite started-at="2022-07-19T17:38:34 IST" name="Default suite" finished-at="2022-07-19T17:38:35 IST" duration-ms="1059">
    <groups>
    </groups>
    <test started-at="2022-07-19T17:38:34 IST" name="Default test" finished-at="2022-07-19T17:38:35 IST" duration-ms="1059">
      <class name="Restassured.GoogleMap.JiraApi">
        <test-method signature="JiraOperations()[pri:0, instance:Restassured.GoogleMap.JiraApi@63a12c68]" started-at="2022-07-19T17:38:34 IST" name="JiraOperations" finished-at="2022-07-19T17:38:35 IST" duration-ms="1031" status="PASS">
          <reporter-output>
          </reporter-output>
        </test-method> <!-- JiraOperations -->
      </class> <!-- Restassured.GoogleMap.JiraApi -->
    </test> <!-- Default test -->
  </suite> <!-- Default suite -->
</testng-results>
